<?xml version="1.0" encoding="UTF-8"?>
<testng-results skipped="0" failed="0" ignored="0" total="1" passed="1">
  <reporter-output>
  </reporter-output>
  <suite name="Default suite" duration-ms="2617" started-at="2020-12-09T13:22:11 IST" finished-at="2020-12-09T13:22:14 IST">
    <groups>
    </groups>
    <test name="Default test" duration-ms="2617" started-at="2020-12-09T13:22:11 IST" finished-at="2020-12-09T13:22:14 IST">
      <class name="com.RMG.test.CreateProjectWithPojo">
        <test-method status="PASS" signature="createProjectTest()[pri:0, instance:com.RMG.test.CreateProjectWithPojo@4b1c1ea0]" name="createProjectTest" duration-ms="2560" started-at="2020-12-09T13:22:11 IST" finished-at="2020-12-09T13:22:14 IST">
          <reporter-output>
          </reporter-output>
        </test-method> <!-- createProjectTest -->
      </class> <!-- com.RMG.test.CreateProjectWithPojo -->
    </test> <!-- Default test -->
  </suite> <!-- Default suite -->
</testng-results>
